#
# There is insufficient memory for the Java Runtime Environment to continue.
# Native memory allocation (malloc) failed to allocate 1048576 bytes for AllocateHeap
# Possible reasons:
#   The system is out of physical RAM or swap space
#   The process is running with CompressedOops enabled, and the Java Heap may be blocking the growth of the native heap
# Possible solutions:
#   Reduce memory load on the system
#   Increase physical memory or swap space
#   Check if swap backing store is full
#   Decrease Java heap size (-Xmx/-Xms)
#   Decrease number of Java threads
#   Decrease Java thread stack sizes (-Xss)
#   Set larger code cache with -XX:ReservedCodeCacheSize=
#   JVM is running with Unscaled Compressed Oops mode in which the Java heap is
#     placed in the first 4GB address space. The Java Heap base address is the
#     maximum limit for the native heap growth. Please use -XX:HeapBaseMinAddress
#     to set the Java Heap base and to place the Java Heap above 4GB virtual address.
# This output file may be truncated or incomplete.
#
#  Out of Memory Error (memory/allocation.inline.hpp:61), pid=29684, tid=0x0000000000006530
#
# JRE version:  (8.0_302-b08) (build )
# Java VM: OpenJDK 64-Bit Server VM (25.302-b08 mixed mode windows-amd64 compressed oops)
# Failed to write core dump. Minidumps are not enabled by default on client versions of Windows
#

---------------  T H R E A D  ---------------

Current thread (0x000001a13a6d7000):  JavaThread "Unknown thread" [_thread_in_vm, id=25904, stack(0x000000592e200000,0x000000592e300000)]

Stack: [0x000000592e200000,0x000000592e300000]
[error occurred during error reporting (printing stack bounds), id 0xc0000005]

Native frames: (J=compiled Java code, j=interpreted, Vv=VM code, C=native code)


---------------  P R O C E S S  ---------------

Java Threads: ( => current thread )

Other Threads:

=>0x000001a13a6d7000 (exited) JavaThread "Unknown thread" [_thread_in_vm, id=25904, stack(0x000000592e200000,0x000000592e300000)]

VM state:not at safepoint (normal execution)

VM Mutex/Monitor currently owned by a thread: None

heap address: 0x00000000e0000000, size: 512 MB, Compressed Oops mode: 32-bit
Narrow klass base: 0x0000000000000000, Narrow klass shift: 3
Compressed class space size: 1073741824 Address: 0x0000000100000000

Heap:
 PSYoungGen      total 2048K, used 30K [0x00000000f5580000, 0x00000000f5800000, 0x0000000100000000)
  eden space 1536K, 2% used [0x00000000f5580000,0x00000000f5587af0,0x00000000f5700000)
  from space 512K, 0% used [0x00000000f5780000,0x00000000f5780000,0x00000000f5800000)
  to   space 512K, 0% used [0x00000000f5700000,0x00000000f5700000,0x00000000f5780000)
 ParOldGen       total 5632K, used 0K [0x00000000e0000000, 0x00000000e0580000, 0x00000000f5580000)
  object space 5632K, 0% used [0x00000000e0000000,0x00000000e0000000,0x00000000e0580000)
 Metaspace       used 781K, capacity 4480K, committed 4480K, reserved 1056768K
  class space    used 76K, capacity 384K, committed 384K, reserved 1048576K

Card table byte_map: [0x000001a14b520000,0x000001a14b630000] byte_map_base: 0x000001a14ae20000

Marking Bits: (ParMarkBitMap*) 0x00000000568ec820
 Begin Bits: [0x000001a14b6e0000, 0x000001a14bee0000)
 End Bits:   [0x000001a14bee0000, 0x000001a14c6e0000)

Polling page: 0x000001a13a900000

CodeCache: size=245760Kb used=328Kb max_used=328Kb free=245431Kb
 bounds [0x000001a13c160000, 0x000001a13c3d0000, 0x000001a14b160000]
 total_blobs=57 nmethods=0 adapters=38
 compilation: enabled

Compilation events (0 events):
No events

GC Heap History (0 events):
No events

Deoptimization events (0 events):
No events

Classes redefined (0 events):
No events

Internal exceptions (0 events):
No events

Events (10 events):
Event: 0.116 loading class java/lang/Short
Event: 0.116 loading class java/lang/Short done
Event: 0.116 loading class java/lang/Integer
Event: 0.116 loading class java/lang/Integer done
Event: 0.116 loading class java/lang/Long
Event: 0.116 loading class java/lang/Long done
Event: 0.116 loading class java/lang/NullPointerException
Event: 0.116 loading class java/lang/NullPointerException done
Event: 0.116 loading class java/lang/ArithmeticException
Event: 0.116 loading class java/lang/ArithmeticException done


Dynamic libraries:
0x00007ff7f6730000 - 0x00007ff7f6737000 	C:\Program Files\Eclipse Foundation\jdk-8.0.302.8-hotspot\bin\javac.exe
0x00007ffbfb2e0000 - 0x00007ffbfb543000 	C:\WINDOWS\SYSTEM32\ntdll.dll
0x00007ffbf9e50000 - 0x00007ffbf9f18000 	C:\WINDOWS\System32\KERNEL32.DLL
0x00007ffbf8d80000 - 0x00007ffbf9132000 	C:\WINDOWS\System32\KERNELBASE.dll
0x0000000058700000 - 0x000000005879e000 	C:\ProgramData\Symantec\Symantec Endpoint Protection\14.3.9681.7000.105\Data\Sysfer\x64\sysfer.dll
0x00007ffbe0c30000 - 0x00007ffbe0c64000 	C:\Program Files\Eclipse Foundation\jdk-8.0.302.8-hotspot\bin\jli.dll
0x00007ffb6f670000 - 0x00007ffb6f75f000 	C:\Program Files\Eclipse Foundation\jdk-8.0.302.8-hotspot\bin\MSVCR120.dll
0x00007ffbf9ae0000 - 0x00007ffbf9b94000 	C:\WINDOWS\System32\ADVAPI32.dll
0x00007ffbf91b0000 - 0x00007ffbf9259000 	C:\WINDOWS\System32\msvcrt.dll
0x00007ffbfa170000 - 0x00007ffbfa216000 	C:\WINDOWS\System32\sechost.dll
0x00007ffbf99c0000 - 0x00007ffbf9ad6000 	C:\WINDOWS\System32\RPCRT4.dll
0x00007ffbf9c80000 - 0x00007ffbf9e48000 	C:\WINDOWS\System32\USER32.dll
0x00007ffbf88e0000 - 0x00007ffbf8907000 	C:\WINDOWS\System32\win32u.dll
0x00007ffbf9700000 - 0x00007ffbf972a000 	C:\WINDOWS\System32\GDI32.dll
0x00007ffbd4f10000 - 0x00007ffbd51a0000 	C:\WINDOWS\WinSxS\amd64_microsoft.windows.common-controls_6595b64144ccf1df_6.0.26100.2454_none_3e0b68a2e331ad60\COMCTL32.dll
0x00007ffbf8a60000 - 0x00007ffbf8b8b000 	C:\WINDOWS\System32\gdi32full.dll
0x00007ffbf86b0000 - 0x00007ffbf8753000 	C:\WINDOWS\System32\msvcp_win.dll
0x00007ffbf8910000 - 0x00007ffbf8a5b000 	C:\WINDOWS\System32\ucrtbase.dll
0x00007ffbf98a0000 - 0x00007ffbf98cf000 	C:\WINDOWS\System32\IMM32.DLL
0x00007ffb5d020000 - 0x00007ffb5d10f000 	C:\Program Files\Eclipse Foundation\jdk-8.0.302.8-hotspot\jre\bin\msvcr120.dll
0x00007ffb5c930000 - 0x00007ffb5c9d6000 	C:\Program Files\Eclipse Foundation\jdk-8.0.302.8-hotspot\jre\bin\msvcp120.dll
0x0000000056100000 - 0x000000005696b000 	C:\Program Files\Eclipse Foundation\jdk-8.0.302.8-hotspot\jre\bin\server\jvm.dll
0x00007ffbfb200000 - 0x00007ffbfb208000 	C:\WINDOWS\System32\PSAPI.DLL
0x00007ffbeb8e0000 - 0x00007ffbeb8ea000 	C:\WINDOWS\SYSTEM32\WSOCK32.dll
0x00007ffbf9260000 - 0x00007ffbf92d4000 	C:\WINDOWS\System32\WS2_32.dll
0x00007ffbdd340000 - 0x00007ffbdd376000 	C:\WINDOWS\SYSTEM32\WINMM.dll
0x00007ffbede50000 - 0x00007ffbede5b000 	C:\WINDOWS\SYSTEM32\VERSION.dll
0x00007ffbd1aa0000 - 0x00007ffbd1aaf000 	C:\Program Files\Eclipse Foundation\jdk-8.0.302.8-hotspot\jre\bin\verify.dll
0x00007ffba7180000 - 0x00007ffba71a9000 	C:\Program Files\Eclipse Foundation\jdk-8.0.302.8-hotspot\jre\bin\java.dll
0x00007ffbbaa00000 - 0x00007ffbbaa16000 	C:\Program Files\Eclipse Foundation\jdk-8.0.302.8-hotspot\jre\bin\zip.dll

VM Arguments:
jvm_args: -Dapplication.home=C:\Program Files\Eclipse Foundation\jdk-8.0.302.8-hotspot -Xms8m -Xmx512M 
java_command: com.sun.tools.javac.Main -version
java_class_path (initial): C:\Program Files\Eclipse Foundation\jdk-8.0.302.8-hotspot/lib/tools.jar;C:\Program Files\Eclipse Foundation\jdk-8.0.302.8-hotspot/classes
Launcher Type: SUN_STANDARD

Environment Variables:
JAVA_HOME=C:\Program Files\Java\jdk-11.0.19
JRE_HOME=C:\Program Files\Java\jre1.8.0_202
_JAVA_OPTIONS=-Xmx512M
USERNAME=Mohammad.Junaid
OS=Windows_NT
PROCESSOR_IDENTIFIER=Intel64 Family 6 Model 140 Stepping 1, GenuineIntel



---------------  S Y S T E M  ---------------

OS: Windows 10.0 , 64 bit Build 26100 (10.0.26100.2454)

CPU:total 8 (initial active 8) (4 cores per cpu, 2 threads per core) family 6 model 140 stepping 1, cmov, cx8, fxsr, mmx, sse, sse2, sse3, ssse3, sse4.1, sse4.2, popcnt, avx, avx2, aes, clmul, erms, 3dnowpref, lzcnt, ht, tsc, tscinvbit, bmi1, bmi2, adx

Memory: 4k page, physical 16513824k(2761952k free), swap 22447124k(20912k free)

vm_info: OpenJDK 64-Bit Server VM (25.302-b08) for windows-amd64 JRE (1.8.0_302-b08), built on Jul 20 2021 21:31:03 by "jenkins" with MS VC++ 12.0 (VS2013)

time: Wed Feb 12 11:11:22 2025
timezone: India Standard Time
elapsed time: 1.516028 seconds (0d 0h 0m 1s)

